[2025-06-25T02:54:01.356+0000] {manager.py:487} INFO - Processing files using up to 2 processes at a time 
[2025-06-25T02:54:01.356+0000] {manager.py:488} INFO - Process each file at most once every 30 seconds
[2025-06-25T02:54:01.356+0000] {manager.py:489} INFO - Checking for new files in /opt/airflow/dags every 300 seconds
[2025-06-25T02:54:01.357+0000] {manager.py:759} INFO - Searching for files in /opt/airflow/dags
[2025-06-25T02:54:01.358+0000] {manager.py:762} INFO - There are 0 files in /opt/airflow/dags
[2025-06-25T02:59:01.694+0000] {manager.py:759} INFO - Searching for files in /opt/airflow/dags
[2025-06-25T02:59:01.708+0000] {manager.py:762} INFO - There are 1 files in /opt/airflow/dags
[2025-06-25T02:59:05.951+0000] {manager.py:893} INFO - 
================================================================================
DAG File Processing Stats

File Path                                      PID    Runtime      # DAGs    # Errors  Last Runtime    Last Run
---------------------------------------------  -----  ---------  --------  ----------  --------------  -------------------
/opt/airflow/dags/customer_analytics_basic.py                           1           0  0.36s           2025-06-25T02:59:02
================================================================================
[2025-06-25T02:59:36.623+0000] {manager.py:893} INFO - 
================================================================================
DAG File Processing Stats

File Path                                      PID    Runtime      # DAGs    # Errors  Last Runtime    Last Run
---------------------------------------------  -----  ---------  --------  ----------  --------------  -------------------
/opt/airflow/dags/customer_analytics_basic.py                           1           0  0.15s           2025-06-25T02:59:32
================================================================================
[2025-06-25T03:00:07.206+0000] {manager.py:893} INFO - 
================================================================================
DAG File Processing Stats

File Path                                      PID    Runtime      # DAGs    # Errors  Last Runtime    Last Run
---------------------------------------------  -----  ---------  --------  ----------  --------------  -------------------
/opt/airflow/dags/customer_analytics_basic.py                           1           0  0.10s           2025-06-25T03:00:03
================================================================================
[2025-06-25T03:00:37.824+0000] {manager.py:893} INFO - 
================================================================================
DAG File Processing Stats

File Path                                      PID    Runtime      # DAGs    # Errors  Last Runtime    Last Run
---------------------------------------------  -----  ---------  --------  ----------  --------------  -------------------
/opt/airflow/dags/customer_analytics_basic.py                           1           0  0.13s           2025-06-25T03:00:33
================================================================================
[2025-06-25T03:01:08.603+0000] {manager.py:893} INFO - 
================================================================================
DAG File Processing Stats

File Path                                      PID    Runtime      # DAGs    # Errors  Last Runtime    Last Run
---------------------------------------------  -----  ---------  --------  ----------  --------------  -------------------
/opt/airflow/dags/customer_analytics_basic.py                           1           0  0.12s           2025-06-25T03:01:04
================================================================================
[2025-06-25T03:01:39.213+0000] {manager.py:893} INFO - 
================================================================================
DAG File Processing Stats

File Path                                      PID    Runtime      # DAGs    # Errors  Last Runtime    Last Run
---------------------------------------------  -----  ---------  --------  ----------  --------------  -------------------
/opt/airflow/dags/customer_analytics_basic.py                           1           0  0.13s           2025-06-25T03:01:35
================================================================================
[2025-06-25T03:02:09.731+0000] {manager.py:893} INFO - 
================================================================================
DAG File Processing Stats

File Path                                      PID    Runtime      # DAGs    # Errors  Last Runtime    Last Run
---------------------------------------------  -----  ---------  --------  ----------  --------------  -------------------
/opt/airflow/dags/customer_analytics_basic.py                           1           0  0.11s           2025-06-25T03:02:05
================================================================================
[2025-06-25T03:02:40.323+0000] {manager.py:893} INFO - 
================================================================================
DAG File Processing Stats

File Path                                      PID    Runtime      # DAGs    # Errors  Last Runtime    Last Run
---------------------------------------------  -----  ---------  --------  ----------  --------------  -------------------
/opt/airflow/dags/customer_analytics_basic.py                           1           0  0.13s           2025-06-25T03:02:36
================================================================================
[2025-06-25T03:03:10.719+0000] {manager.py:893} INFO - 
================================================================================
DAG File Processing Stats

File Path                                      PID    Runtime      # DAGs    # Errors  Last Runtime    Last Run
---------------------------------------------  -----  ---------  --------  ----------  --------------  -------------------
/opt/airflow/dags/customer_analytics_basic.py                           1           0  0.17s           2025-06-25T03:02:59
================================================================================
[2025-06-25T03:03:41.045+0000] {manager.py:893} INFO - 
================================================================================
DAG File Processing Stats

File Path                                      PID    Runtime      # DAGs    # Errors  Last Runtime    Last Run
---------------------------------------------  -----  ---------  --------  ----------  --------------  -------------------
/opt/airflow/dags/customer_analytics_basic.py                           1           0  0.10s           2025-06-25T03:03:30
================================================================================
[2025-06-25T03:04:02.327+0000] {manager.py:759} INFO - Searching for files in /opt/airflow/dags
[2025-06-25T03:04:02.334+0000] {manager.py:762} INFO - There are 1 files in /opt/airflow/dags
[2025-06-25T03:04:11.442+0000] {manager.py:893} INFO - 
================================================================================
DAG File Processing Stats

File Path                                      PID    Runtime      # DAGs    # Errors  Last Runtime    Last Run
---------------------------------------------  -----  ---------  --------  ----------  --------------  -------------------
/opt/airflow/dags/customer_analytics_basic.py                           1           0  0.11s           2025-06-25T03:04:00
================================================================================
[2025-06-25T03:04:41.839+0000] {manager.py:893} INFO - 
================================================================================
DAG File Processing Stats

File Path                                      PID    Runtime      # DAGs    # Errors  Last Runtime    Last Run
---------------------------------------------  -----  ---------  --------  ----------  --------------  -------------------
/opt/airflow/dags/customer_analytics_basic.py                           1           0  0.25s           2025-06-25T03:04:30
================================================================================
[2025-06-25T03:05:12.430+0000] {manager.py:893} INFO - 
================================================================================
DAG File Processing Stats

File Path                                      PID    Runtime      # DAGs    # Errors  Last Runtime    Last Run
---------------------------------------------  -----  ---------  --------  ----------  --------------  -------------------
/opt/airflow/dags/customer_analytics_basic.py                           1           0  0.13s           2025-06-25T03:05:01
================================================================================
[2025-06-25T03:05:42.733+0000] {manager.py:893} INFO - 
================================================================================
DAG File Processing Stats

File Path                                      PID    Runtime      # DAGs    # Errors  Last Runtime    Last Run
---------------------------------------------  -----  ---------  --------  ----------  --------------  -------------------
/opt/airflow/dags/customer_analytics_basic.py                           1           0  0.10s           2025-06-25T03:05:31
================================================================================
[2025-06-25T03:06:13.790+0000] {manager.py:893} INFO - 
================================================================================
DAG File Processing Stats

File Path                                      PID    Runtime      # DAGs    # Errors  Last Runtime    Last Run
---------------------------------------------  -----  ---------  --------  ----------  --------------  -------------------
/opt/airflow/dags/customer_analytics_basic.py                           1           0  0.15s           2025-06-25T03:06:02
================================================================================
[2025-06-25T03:06:44.173+0000] {manager.py:893} INFO - 
================================================================================
DAG File Processing Stats

File Path                                      PID    Runtime      # DAGs    # Errors  Last Runtime    Last Run
---------------------------------------------  -----  ---------  --------  ----------  --------------  -------------------
/opt/airflow/dags/customer_analytics_basic.py                           1           0  0.14s           2025-06-25T03:06:33
================================================================================
[2025-06-25T03:07:14.567+0000] {manager.py:893} INFO - 
================================================================================
DAG File Processing Stats

File Path                                      PID    Runtime      # DAGs    # Errors  Last Runtime    Last Run
---------------------------------------------  -----  ---------  --------  ----------  --------------  -------------------
/opt/airflow/dags/customer_analytics_basic.py                           1           0  0.13s           2025-06-25T03:07:03
================================================================================
[2025-06-25T03:07:44.969+0000] {manager.py:893} INFO - 
================================================================================
DAG File Processing Stats

File Path                                      PID    Runtime      # DAGs    # Errors  Last Runtime    Last Run
---------------------------------------------  -----  ---------  --------  ----------  --------------  -------------------
/opt/airflow/dags/customer_analytics_basic.py                           1           0  0.09s           2025-06-25T03:07:33
================================================================================
[2025-06-25T03:08:15.299+0000] {manager.py:893} INFO - 
================================================================================
DAG File Processing Stats

File Path                                      PID    Runtime      # DAGs    # Errors  Last Runtime    Last Run
---------------------------------------------  -----  ---------  --------  ----------  --------------  -------------------
/opt/airflow/dags/customer_analytics_basic.py                           1           0  0.13s           2025-06-25T03:08:04
================================================================================
